# JRE version: OpenJDK Runtime Environment (8.0_212-b04) (build 1.8.0_212-release-1586-b04)
# Java VM: OpenJDK 64-Bit Server VM (25.212-b04 mixed mode windows-amd64 compressed oops)
Heap:
 PSYoungGen      total 445440K, used 240235K [0x00000000e0000000, 0x0000000100000000, 0x0000000100000000)
  eden space 393728K, 47% used [0x00000000e0000000,0x00000000eb880378,0x00000000f8080000)
  from space 51712K, 99% used [0x00000000f8080000,0x00000000fb29aae8,0x00000000fb300000)
  to   space 69120K, 0% used [0x00000000fbc80000,0x00000000fbc80000,0x0000000100000000)
 ParOldGen       total 248832K, used 106920K [0x00000000a0000000, 0x00000000af300000, 0x00000000e0000000)
  object space 248832K, 42% used [0x00000000a0000000,0x00000000a686a238,0x00000000af300000)
 Metaspace       used 111994K, capacity 117918K, committed 118016K, reserved 1153024K
  class space    used 14129K, capacity 15300K, committed 15360K, reserved 1048576K
GC Heap History (10 events):
Event: 547.048 GC heap before
{Heap before GC invocations=29 (full 4):
 PSYoungGen      total 475648K, used 457107K [0x00000000e0000000, 0x0000000100000000, 0x0000000100000000)
  eden space 427008K, 100% used [0x00000000e0000000,0x00000000fa100000,0x00000000fa100000)
  from space 48640K, 61% used [0x00000000fd080000,0x00000000fede4cd8,0x0000000100000000)
  to   space 48640K, 0% used [0x00000000fa100000,0x00000000fa100000,0x00000000fd080000)
 ParOldGen       total 248832K, used 78977K [0x00000000a0000000, 0x00000000af300000, 0x00000000e0000000)
  object space 248832K, 31% used [0x00000000a0000000,0x00000000a4d205b0,0x00000000af300000)
 Metaspace       used 107180K, capacity 111996K, committed 112128K, reserved 1146880K
  class space    used 13568K, capacity 14567K, committed 14592K, reserved 1048576K
Event: 547.166 GC heap after
Heap after GC invocations=29 (full 4):
 PSYoungGen      total 475648K, used 48631K [0x00000000e0000000, 0x0000000100000000, 0x0000000100000000)
  eden space 427008K, 0% used [0x00000000e0000000,0x00000000e0000000,0x00000000fa100000)
  from space 48640K, 99% used [0x00000000fa100000,0x00000000fd07dc10,0x00000000fd080000)
  to   space 48640K, 0% used [0x00000000fd080000,0x00000000fd080000,0x0000000100000000)
 ParOldGen       total 248832K, used 97445K [0x00000000a0000000, 0x00000000af300000, 0x00000000e0000000)
  object space 248832K, 39% used [0x00000000a0000000,0x00000000a5f294a0,0x00000000af300000)
 Metaspace       used 107180K, capacity 111996K, committed 112128K, reserved 1146880K
  class space    used 13568K, capacity 14567K, committed 14592K, reserved 1048576K
}
Event: 816.910 GC heap before
{Heap before GC invocations=30 (full 4):
 PSYoungGen      total 475648K, used 475639K [0x00000000e0000000, 0x0000000100000000, 0x0000000100000000)
  eden space 427008K, 100% used [0x00000000e0000000,0x00000000fa100000,0x00000000fa100000)
  from space 48640K, 99% used [0x00000000fa100000,0x00000000fd07dc10,0x00000000fd080000)
  to   space 48640K, 0% used [0x00000000fd080000,0x00000000fd080000,0x0000000100000000)
 ParOldGen       total 248832K, used 97445K [0x00000000a0000000, 0x00000000af300000, 0x00000000e0000000)
  object space 248832K, 39% used [0x00000000a0000000,0x00000000a5f294a0,0x00000000af300000)
 Metaspace       used 109215K, capacity 114358K, committed 114560K, reserved 1148928K
  class space    used 13850K, capacity 14852K, committed 14976K, reserved 1048576K
Event: 816.970 GC heap after
Heap after GC invocations=30 (full 4):
 PSYoungGen      total 441856K, used 46436K [0x00000000e0000000, 0x0000000100000000, 0x0000000100000000)
  eden space 393216K, 0% used [0x00000000e0000000,0x00000000e0000000,0x00000000f8000000)
  from space 48640K, 95% used [0x00000000fd080000,0x00000000ffdd93f8,0x0000000100000000)
  to   space 65536K, 0% used [0x00000000f8000000,0x00000000f8000000,0x00000000fc000000)
 ParOldGen       total 248832K, used 106904K [0x00000000a0000000, 0x00000000af300000, 0x00000000e0000000)
  object space 248832K, 42% used [0x00000000a0000000,0x00000000a6866238,0x00000000af300000)
 Metaspace       used 109215K, capacity 114358K, committed 114560K, reserved 1148928K
  class space    used 13850K, capacity 14852K, committed 14976K, reserved 1048576K
}
Event: 1012.967 GC heap before
{Heap before GC invocations=31 (full 4):
 PSYoungGen      total 441856K, used 439652K [0x00000000e0000000, 0x0000000100000000, 0x0000000100000000)
  eden space 393216K, 100% used [0x00000000e0000000,0x00000000f8000000,0x00000000f8000000)
  from space 48640K, 95% used [0x00000000fd080000,0x00000000ffdd93f8,0x0000000100000000)
  to   space 65536K, 0% used [0x00000000f8000000,0x00000000f8000000,0x00000000fc000000)
 ParOldGen       total 248832K, used 106904K [0x00000000a0000000, 0x00000000af300000, 0x00000000e0000000)
  object space 248832K, 42% used [0x00000000a0000000,0x00000000a6866238,0x00000000af300000)
 Metaspace       used 109541K, capacity 114838K, committed 115072K, reserved 1148928K
  class space    used 13879K, capacity 14900K, committed 14976K, reserved 1048576K
Event: 1012.997 GC heap after
Heap after GC invocations=31 (full 4):
 PSYoungGen      total 458752K, used 38661K [0x00000000e0000000, 0x0000000100000000, 0x0000000100000000)
  eden space 393216K, 0% used [0x00000000e0000000,0x00000000e0000000,0x00000000f8000000)
  from space 65536K, 58% used [0x00000000f8000000,0x00000000fa5c15d0,0x00000000fc000000)
  to   space 65024K, 0% used [0x00000000fc080000,0x00000000fc080000,0x0000000100000000)
 ParOldGen       total 248832K, used 106912K [0x00000000a0000000, 0x00000000af300000, 0x00000000e0000000)
  object space 248832K, 42% used [0x00000000a0000000,0x00000000a6868238,0x00000000af300000)
 Metaspace       used 109541K, capacity 114838K, committed 115072K, reserved 1148928K
  class space    used 13879K, capacity 14900K, committed 14976K, reserved 1048576K
}
Event: 1360.142 GC heap before
{Heap before GC invocations=32 (full 4):
 PSYoungGen      total 458752K, used 431877K [0x00000000e0000000, 0x0000000100000000, 0x0000000100000000)
  eden space 393216K, 100% used [0x00000000e0000000,0x00000000f8000000,0x00000000f8000000)
  from space 65536K, 58% used [0x00000000f8000000,0x00000000fa5c15d0,0x00000000fc000000)
  to   space 65024K, 0% used [0x00000000fc080000,0x00000000fc080000,0x0000000100000000)
 ParOldGen       total 248832K, used 106912K [0x00000000a0000000, 0x00000000af300000, 0x00000000e0000000)
  object space 248832K, 42% used [0x00000000a0000000,0x00000000a6868238,0x00000000af300000)
 Metaspace       used 111667K, capacity 117720K, committed 118016K, reserved 1153024K
  class space    used 14122K, capacity 15289K, committed 15360K, reserved 1048576K
Event: 1360.179 GC heap after
Heap after GC invocations=32 (full 4):
 PSYoungGen      total 458240K, used 40361K [0x00000000e0000000, 0x00000000fff80000, 0x0000000100000000)
  eden space 393728K, 0% used [0x00000000e0000000,0x00000000e0000000,0x00000000f8080000)
  from space 64512K, 62% used [0x00000000fc080000,0x00000000fe7ea6b8,0x00000000fff80000)
  to   space 65024K, 0% used [0x00000000f8080000,0x00000000f8080000,0x00000000fc000000)
 ParOldGen       total 248832K, used 106912K [0x00000000a0000000, 0x00000000af300000, 0x00000000e0000000)
  object space 248832K, 42% used [0x00000000a0000000,0x00000000a6868238,0x00000000af300000)
 Metaspace       used 111667K, capacity 117720K, committed 118016K, reserved 1153024K
  class space    used 14122K, capacity 15289K, committed 15360K, reserved 1048576K
}
Event: 1387.791 GC heap before
{Heap before GC invocations=33 (full 4):
 PSYoungGen      total 458240K, used 433948K [0x00000000e0000000, 0x00000000fff80000, 0x0000000100000000)
  eden space 393728K, 99% used [0x00000000e0000000,0x00000000f805cc80,0x00000000f8080000)
  from space 64512K, 62% used [0x00000000fc080000,0x00000000fe7ea6b8,0x00000000fff80000)
  to   space 65024K, 0% used [0x00000000f8080000,0x00000000f8080000,0x00000000fc000000)
 ParOldGen       total 248832K, used 106912K [0x00000000a0000000, 0x00000000af300000, 0x00000000e0000000)
  object space 248832K, 42% used [0x00000000a0000000,0x00000000a6868238,0x00000000af300000)
 Metaspace       used 111988K, capacity 117918K, committed 118016K, reserved 1153024K
  class space    used 14128K, capacity 15300K, committed 15360K, reserved 1048576K
Event: 1387.910 GC heap after
Heap after GC invocations=33 (full 4):
 PSYoungGen      total 445440K, used 51306K [0x00000000e0000000, 0x0000000100000000, 0x0000000100000000)
  eden space 393728K, 0% used [0x00000000e0000000,0x00000000e0000000,0x00000000f8080000)
  from space 51712K, 99% used [0x00000000f8080000,0x00000000fb29aae8,0x00000000fb300000)
  to   space 69120K, 0% used [0x00000000fbc80000,0x00000000fbc80000,0x0000000100000000)
 ParOldGen       total 248832K, used 106920K [0x00000000a0000000, 0x00000000af300000, 0x00000000e0000000)
  object space 248832K, 42% used [0x00000000a0000000,0x00000000a686a238,0x00000000af300000)
 Metaspace       used 111988K, capacity 117918K, committed 118016K, reserved 1153024K
  class space    used 14128K, capacity 15300K, committed 15360K, reserved 1048576K
}

