# JRE version: OpenJDK Runtime Environment (8.0_212-b04) (build 1.8.0_212-release-1586-b04)
# Java VM: OpenJDK 64-Bit Server VM (25.212-b04 mixed mode windows-amd64 compressed oops)
Heap:
 PSYoungGen      total 105984K, used 88311K [0x00000000e0000000, 0x00000000e6f00000, 0x0000000100000000)
  eden space 98304K, 89% used [0x00000000e0000000,0x00000000e563dea0,0x00000000e6000000)
  from space 7680K, 0% used [0x00000000e6000000,0x00000000e6000000,0x00000000e6780000)
  to   space 7680K, 0% used [0x00000000e6780000,0x00000000e6780000,0x00000000e6f00000)
 ParOldGen       total 89600K, used 18843K [0x00000000a0000000, 0x00000000a5780000, 0x00000000e0000000)
  object space 89600K, 21% used [0x00000000a0000000,0x00000000a1266d58,0x00000000a5780000)
 Metaspace       used 44936K, capacity 46062K, committed 46336K, reserved 1089536K
  class space    used 5990K, capacity 6287K, committed 6400K, reserved 1048576K
GC Heap History (10 events):
Event: 3.496 GC heap before
{Heap before GC invocations=5 (full 0):
 PSYoungGen      total 105984K, used 8960K [0x00000000e0000000, 0x00000000e6f00000, 0x0000000100000000)
  eden space 98304K, 1% used [0x00000000e0000000,0x00000000e0148010,0x00000000e6000000)
  from space 7680K, 99% used [0x00000000e6780000,0x00000000e6ef8050,0x00000000e6f00000)
  to   space 7680K, 0% used [0x00000000e6000000,0x00000000e6000000,0x00000000e6780000)
 ParOldGen       total 130048K, used 5446K [0x00000000a0000000, 0x00000000a7f00000, 0x00000000e0000000)
  object space 130048K, 4% used [0x00000000a0000000,0x00000000a0551b30,0x00000000a7f00000)
 Metaspace       used 20743K, capacity 21186K, committed 21296K, reserved 1067008K
  class space    used 2993K, capacity 3161K, committed 3200K, reserved 1048576K
Event: 3.505 GC heap after
Heap after GC invocations=5 (full 0):
 PSYoungGen      total 105984K, used 7369K [0x00000000e0000000, 0x00000000e6f00000, 0x0000000100000000)
  eden space 98304K, 0% used [0x00000000e0000000,0x00000000e0000000,0x00000000e6000000)
  from space 7680K, 95% used [0x00000000e6000000,0x00000000e6732780,0x00000000e6780000)
  to   space 7680K, 0% used [0x00000000e6780000,0x00000000e6780000,0x00000000e6f00000)
 ParOldGen       total 130048K, used 5454K [0x00000000a0000000, 0x00000000a7f00000, 0x00000000e0000000)
  object space 130048K, 4% used [0x00000000a0000000,0x00000000a0553b30,0x00000000a7f00000)
 Metaspace       used 20743K, capacity 21186K, committed 21296K, reserved 1067008K
  class space    used 2993K, capacity 3161K, committed 3200K, reserved 1048576K
}
Event: 3.505 GC heap before
{Heap before GC invocations=6 (full 1):
 PSYoungGen      total 105984K, used 7369K [0x00000000e0000000, 0x00000000e6f00000, 0x0000000100000000)
  eden space 98304K, 0% used [0x00000000e0000000,0x00000000e0000000,0x00000000e6000000)
  from space 7680K, 95% used [0x00000000e6000000,0x00000000e6732780,0x00000000e6780000)
  to   space 7680K, 0% used [0x00000000e6780000,0x00000000e6780000,0x00000000e6f00000)
 ParOldGen       total 130048K, used 5454K [0x00000000a0000000, 0x00000000a7f00000, 0x00000000e0000000)
  object space 130048K, 4% used [0x00000000a0000000,0x00000000a0553b30,0x00000000a7f00000)
 Metaspace       used 20743K, capacity 21186K, committed 21296K, reserved 1067008K
  class space    used 2993K, capacity 3161K, committed 3200K, reserved 1048576K
Event: 3.540 GC heap after
Heap after GC invocations=6 (full 1):
 PSYoungGen      total 105984K, used 0K [0x00000000e0000000, 0x00000000e6f00000, 0x0000000100000000)
  eden space 98304K, 0% used [0x00000000e0000000,0x00000000e0000000,0x00000000e6000000)
  from space 7680K, 0% used [0x00000000e6000000,0x00000000e6000000,0x00000000e6780000)
  to   space 7680K, 0% used [0x00000000e6780000,0x00000000e6780000,0x00000000e6f00000)
 ParOldGen       total 64512K, used 7770K [0x00000000a0000000, 0x00000000a3f00000, 0x00000000e0000000)
  object space 64512K, 12% used [0x00000000a0000000,0x00000000a0796ad0,0x00000000a3f00000)
 Metaspace       used 20743K, capacity 21186K, committed 21296K, reserved 1067008K
  class space    used 2993K, capacity 3161K, committed 3200K, reserved 1048576K
}
Event: 4.869 GC heap before
{Heap before GC invocations=7 (full 1):
 PSYoungGen      total 105984K, used 98304K [0x00000000e0000000, 0x00000000e6f00000, 0x0000000100000000)
  eden space 98304K, 100% used [0x00000000e0000000,0x00000000e6000000,0x00000000e6000000)
  from space 7680K, 0% used [0x00000000e6000000,0x00000000e6000000,0x00000000e6780000)
  to   space 7680K, 0% used [0x00000000e6780000,0x00000000e6780000,0x00000000e6f00000)
 ParOldGen       total 64512K, used 7770K [0x00000000a0000000, 0x00000000a3f00000, 0x00000000e0000000)
  object space 64512K, 12% used [0x00000000a0000000,0x00000000a0796ad0,0x00000000a3f00000)
 Metaspace       used 30429K, capacity 31004K, committed 31232K, reserved 1077248K
  class space    used 4130K, capacity 4335K, committed 4352K, reserved 1048576K
Event: 4.885 GC heap after
Heap after GC invocations=7 (full 1):
 PSYoungGen      total 105984K, used 7661K [0x00000000e0000000, 0x00000000e6f00000, 0x0000000100000000)
  eden space 98304K, 0% used [0x00000000e0000000,0x00000000e0000000,0x00000000e6000000)
  from space 7680K, 99% used [0x00000000e6780000,0x00000000e6efb6c0,0x00000000e6f00000)
  to   space 7680K, 0% used [0x00000000e6000000,0x00000000e6000000,0x00000000e6780000)
 ParOldGen       total 64512K, used 10409K [0x00000000a0000000, 0x00000000a3f00000, 0x00000000e0000000)
  object space 64512K, 16% used [0x00000000a0000000,0x00000000a0a2a510,0x00000000a3f00000)
 Metaspace       used 30429K, capacity 31004K, committed 31232K, reserved 1077248K
  class space    used 4130K, capacity 4335K, committed 4352K, reserved 1048576K
}
Event: 5.930 GC heap before
{Heap before GC invocations=8 (full 1):
 PSYoungGen      total 105984K, used 105965K [0x00000000e0000000, 0x00000000e6f00000, 0x0000000100000000)
  eden space 98304K, 100% used [0x00000000e0000000,0x00000000e6000000,0x00000000e6000000)
  from space 7680K, 99% used [0x00000000e6780000,0x00000000e6efb6c0,0x00000000e6f00000)
  to   space 7680K, 0% used [0x00000000e6000000,0x00000000e6000000,0x00000000e6780000)
 ParOldGen       total 64512K, used 10409K [0x00000000a0000000, 0x00000000a3f00000, 0x00000000e0000000)
  object space 64512K, 16% used [0x00000000a0000000,0x00000000a0a2a510,0x00000000a3f00000)
 Metaspace       used 34644K, capacity 35370K, committed 35456K, reserved 1079296K
  class space    used 4754K, capacity 4962K, committed 4992K, reserved 1048576K
Event: 5.947 GC heap after
Heap after GC invocations=8 (full 1):
 PSYoungGen      total 105984K, used 7680K [0x00000000e0000000, 0x00000000e6f00000, 0x0000000100000000)
  eden space 98304K, 0% used [0x00000000e0000000,0x00000000e0000000,0x00000000e6000000)
  from space 7680K, 100% used [0x00000000e6000000,0x00000000e6780000,0x00000000e6780000)
  to   space 7680K, 0% used [0x00000000e6780000,0x00000000e6780000,0x00000000e6f00000)
 ParOldGen       total 64512K, used 14782K [0x00000000a0000000, 0x00000000a3f00000, 0x00000000e0000000)
  object space 64512K, 22% used [0x00000000a0000000,0x00000000a0e6f9f0,0x00000000a3f00000)
 Metaspace       used 34644K, capacity 35370K, committed 35456K, reserved 1079296K
  class space    used 4754K, capacity 4962K, committed 4992K, reserved 1048576K
}
Event: 5.947 GC heap before
{Heap before GC invocations=9 (full 2):
 PSYoungGen      total 105984K, used 7680K [0x00000000e0000000, 0x00000000e6f00000, 0x0000000100000000)
  eden space 98304K, 0% used [0x00000000e0000000,0x00000000e0000000,0x00000000e6000000)
  from space 7680K, 100% used [0x00000000e6000000,0x00000000e6780000,0x00000000e6780000)
  to   space 7680K, 0% used [0x00000000e6780000,0x00000000e6780000,0x00000000e6f00000)
 ParOldGen       total 64512K, used 14782K [0x00000000a0000000, 0x00000000a3f00000, 0x00000000e0000000)
  object space 64512K, 22% used [0x00000000a0000000,0x00000000a0e6f9f0,0x00000000a3f00000)
 Metaspace       used 34644K, capacity 35370K, committed 35456K, reserved 1079296K
  class space    used 4754K, capacity 4962K, committed 4992K, reserved 1048576K
Event: 6.041 GC heap after
Heap after GC invocations=9 (full 2):
 PSYoungGen      total 105984K, used 0K [0x00000000e0000000, 0x00000000e6f00000, 0x0000000100000000)
  eden space 98304K, 0% used [0x00000000e0000000,0x00000000e0000000,0x00000000e6000000)
  from space 7680K, 0% used [0x00000000e6000000,0x00000000e6000000,0x00000000e6780000)
  to   space 7680K, 0% used [0x00000000e6780000,0x00000000e6780000,0x00000000e6f00000)
 ParOldGen       total 89600K, used 18843K [0x00000000a0000000, 0x00000000a5780000, 0x00000000e0000000)
  object space 89600K, 21% used [0x00000000a0000000,0x00000000a1266d58,0x00000000a5780000)
 Metaspace       used 34634K, capacity 35340K, committed 35456K, reserved 1079296K
  class space    used 4752K, capacity 4957K, committed 4992K, reserved 1048576K
}

