# JRE version: OpenJDK Runtime Environment (8.0_212-b04) (build 1.8.0_212-release-1586-b04)
# Java VM: OpenJDK 64-Bit Server VM (25.212-b04 mixed mode windows-amd64 compressed oops)
Heap:
 PSYoungGen      total 469504K, used 236730K [0x00000000e0000000, 0x00000000ffe00000, 0x0000000100000000)
  eden space 416768K, 48% used [0x00000000e0000000,0x00000000ec5b2da0,0x00000000f9700000)
  from space 52736K, 65% used [0x00000000f9700000,0x00000000fb87bd30,0x00000000fca80000)
  to   space 52736K, 0% used [0x00000000fca80000,0x00000000fca80000,0x00000000ffe00000)
 ParOldGen       total 258560K, used 73948K [0x00000000a0000000, 0x00000000afc80000, 0x00000000e0000000)
  object space 258560K, 28% used [0x00000000a0000000,0x00000000a48373b8,0x00000000afc80000)
 Metaspace       used 110144K, capacity 119808K, committed 119936K, reserved 1153024K
  class space    used 14109K, capacity 15918K, committed 16000K, reserved 1048576K
GC Heap History (10 events):
Event: 1377.105 GC heap before
{Heap before GC invocations=29 (full 4):
 PSYoungGen      total 472576K, used 463983K [0x00000000e0000000, 0x0000000100000000, 0x0000000100000000)
  eden space 427008K, 100% used [0x00000000e0000000,0x00000000fa100000,0x00000000fa100000)
  from space 45568K, 81% used [0x00000000fd300000,0x00000000ff71bed0,0x00000000fff80000)
  to   space 48640K, 0% used [0x00000000fa100000,0x00000000fa100000,0x00000000fd080000)
 ParOldGen       total 258560K, used 73924K [0x00000000a0000000, 0x00000000afc80000, 0x00000000e0000000)
  object space 258560K, 28% used [0x00000000a0000000,0x00000000a48313b8,0x00000000afc80000)
 Metaspace       used 108056K, capacity 117206K, committed 117376K, reserved 1150976K
  class space    used 13951K, capacity 15661K, committed 15744K, reserved 1048576K
Event: 1377.133 GC heap after
Heap after GC invocations=29 (full 4):
 PSYoungGen      total 460800K, used 33483K [0x00000000e0000000, 0x0000000100000000, 0x0000000100000000)
  eden space 427008K, 0% used [0x00000000e0000000,0x00000000e0000000,0x00000000fa100000)
  from space 33792K, 99% used [0x00000000fa100000,0x00000000fc1b2f78,0x00000000fc200000)
  to   space 50176K, 0% used [0x00000000fcf00000,0x00000000fcf00000,0x0000000100000000)
 ParOldGen       total 258560K, used 73924K [0x00000000a0000000, 0x00000000afc80000, 0x00000000e0000000)
  object space 258560K, 28% used [0x00000000a0000000,0x00000000a48313b8,0x00000000afc80000)
 Metaspace       used 108056K, capacity 117206K, committed 117376K, reserved 1150976K
  class space    used 13951K, capacity 15661K, committed 15744K, reserved 1048576K
}
Event: 1378.555 GC heap before
{Heap before GC invocations=30 (full 4):
 PSYoungGen      total 460800K, used 460491K [0x00000000e0000000, 0x0000000100000000, 0x0000000100000000)
  eden space 427008K, 100% used [0x00000000e0000000,0x00000000fa100000,0x00000000fa100000)
  from space 33792K, 99% used [0x00000000fa100000,0x00000000fc1b2f78,0x00000000fc200000)
  to   space 50176K, 0% used [0x00000000fcf00000,0x00000000fcf00000,0x0000000100000000)
 ParOldGen       total 258560K, used 73924K [0x00000000a0000000, 0x00000000afc80000, 0x00000000e0000000)
  object space 258560K, 28% used [0x00000000a0000000,0x00000000a48313b8,0x00000000afc80000)
 Metaspace       used 108106K, capacity 117274K, committed 117376K, reserved 1150976K
  class space    used 13951K, capacity 15661K, committed 15744K, reserved 1048576K
Event: 1378.607 GC heap after
Heap after GC invocations=30 (full 4):
 PSYoungGen      total 471040K, used 35044K [0x00000000e0000000, 0x0000000100000000, 0x0000000100000000)
  eden space 420864K, 0% used [0x00000000e0000000,0x00000000e0000000,0x00000000f9b00000)
  from space 50176K, 69% used [0x00000000fcf00000,0x00000000ff1390d0,0x0000000100000000)
  to   space 51712K, 0% used [0x00000000f9b00000,0x00000000f9b00000,0x00000000fcd80000)
 ParOldGen       total 258560K, used 73924K [0x00000000a0000000, 0x00000000afc80000, 0x00000000e0000000)
  object space 258560K, 28% used [0x00000000a0000000,0x00000000a48313b8,0x00000000afc80000)
 Metaspace       used 108106K, capacity 117274K, committed 117376K, reserved 1150976K
  class space    used 13951K, capacity 15661K, committed 15744K, reserved 1048576K
}
Event: 1381.427 GC heap before
{Heap before GC invocations=31 (full 4):
 PSYoungGen      total 471040K, used 455908K [0x00000000e0000000, 0x0000000100000000, 0x0000000100000000)
  eden space 420864K, 100% used [0x00000000e0000000,0x00000000f9b00000,0x00000000f9b00000)
  from space 50176K, 69% used [0x00000000fcf00000,0x00000000ff1390d0,0x0000000100000000)
  to   space 51712K, 0% used [0x00000000f9b00000,0x00000000f9b00000,0x00000000fcd80000)
 ParOldGen       total 258560K, used 73924K [0x00000000a0000000, 0x00000000afc80000, 0x00000000e0000000)
  object space 258560K, 28% used [0x00000000a0000000,0x00000000a48313b8,0x00000000afc80000)
 Metaspace       used 108334K, capacity 117498K, committed 117632K, reserved 1150976K
  class space    used 13963K, capacity 15663K, committed 15744K, reserved 1048576K
Event: 1381.498 GC heap after
Heap after GC invocations=31 (full 4):
 PSYoungGen      total 462336K, used 41128K [0x00000000e0000000, 0x0000000100000000, 0x0000000100000000)
  eden space 420864K, 0% used [0x00000000e0000000,0x00000000e0000000,0x00000000f9b00000)
  from space 41472K, 99% used [0x00000000f9b00000,0x00000000fc32a320,0x00000000fc380000)
  to   space 54784K, 0% used [0x00000000fca80000,0x00000000fca80000,0x0000000100000000)
 ParOldGen       total 258560K, used 73932K [0x00000000a0000000, 0x00000000afc80000, 0x00000000e0000000)
  object space 258560K, 28% used [0x00000000a0000000,0x00000000a48333b8,0x00000000afc80000)
 Metaspace       used 108334K, capacity 117498K, committed 117632K, reserved 1150976K
  class space    used 13963K, capacity 15663K, committed 15744K, reserved 1048576K
}
Event: 2159.030 GC heap before
{Heap before GC invocations=32 (full 4):
 PSYoungGen      total 462336K, used 461992K [0x00000000e0000000, 0x0000000100000000, 0x0000000100000000)
  eden space 420864K, 100% used [0x00000000e0000000,0x00000000f9b00000,0x00000000f9b00000)
  from space 41472K, 99% used [0x00000000f9b00000,0x00000000fc32a320,0x00000000fc380000)
  to   space 54784K, 0% used [0x00000000fca80000,0x00000000fca80000,0x0000000100000000)
 ParOldGen       total 258560K, used 73932K [0x00000000a0000000, 0x00000000afc80000, 0x00000000e0000000)
  object space 258560K, 28% used [0x00000000a0000000,0x00000000a48333b8,0x00000000afc80000)
 Metaspace       used 109258K, capacity 118678K, committed 118784K, reserved 1153024K
  class space    used 14052K, capacity 15823K, committed 15872K, reserved 1048576K
Event: 2159.063 GC heap after
Heap after GC invocations=32 (full 4):
 PSYoungGen      total 471552K, used 28076K [0x00000000e0000000, 0x0000000100000000, 0x0000000100000000)
  eden space 416768K, 0% used [0x00000000e0000000,0x00000000e0000000,0x00000000f9700000)
  from space 54784K, 51% used [0x00000000fca80000,0x00000000fe5eb278,0x0000000100000000)
  to   space 52736K, 0% used [0x00000000f9700000,0x00000000f9700000,0x00000000fca80000)
 ParOldGen       total 258560K, used 73940K [0x00000000a0000000, 0x00000000afc80000, 0x00000000e0000000)
  object space 258560K, 28% used [0x00000000a0000000,0x00000000a48353b8,0x00000000afc80000)
 Metaspace       used 109258K, capacity 118678K, committed 118784K, reserved 1153024K
  class space    used 14052K, capacity 15823K, committed 15872K, reserved 1048576K
}
Event: 2344.536 GC heap before
{Heap before GC invocations=33 (full 4):
 PSYoungGen      total 471552K, used 444844K [0x00000000e0000000, 0x0000000100000000, 0x0000000100000000)
  eden space 416768K, 100% used [0x00000000e0000000,0x00000000f9700000,0x00000000f9700000)
  from space 54784K, 51% used [0x00000000fca80000,0x00000000fe5eb278,0x0000000100000000)
  to   space 52736K, 0% used [0x00000000f9700000,0x00000000f9700000,0x00000000fca80000)
 ParOldGen       total 258560K, used 73940K [0x00000000a0000000, 0x00000000afc80000, 0x00000000e0000000)
  object space 258560K, 28% used [0x00000000a0000000,0x00000000a48353b8,0x00000000afc80000)
 Metaspace       used 109937K, capacity 119660K, committed 119936K, reserved 1153024K
  class space    used 14109K, capacity 15918K, committed 16000K, reserved 1048576K
Event: 2344.566 GC heap after
Heap after GC invocations=33 (full 4):
 PSYoungGen      total 469504K, used 34287K [0x00000000e0000000, 0x00000000ffe00000, 0x0000000100000000)
  eden space 416768K, 0% used [0x00000000e0000000,0x00000000e0000000,0x00000000f9700000)
  from space 52736K, 65% used [0x00000000f9700000,0x00000000fb87bd30,0x00000000fca80000)
  to   space 52736K, 0% used [0x00000000fca80000,0x00000000fca80000,0x00000000ffe00000)
 ParOldGen       total 258560K, used 73948K [0x00000000a0000000, 0x00000000afc80000, 0x00000000e0000000)
  object space 258560K, 28% used [0x00000000a0000000,0x00000000a48373b8,0x00000000afc80000)
 Metaspace       used 109937K, capacity 119660K, committed 119936K, reserved 1153024K
  class space    used 14109K, capacity 15918K, committed 16000K, reserved 1048576K
}

